CRITICAL - 2022-06-18 21:00:21 --> Invalid file: layout/master.php
in SYSTEMPATH\Exceptions\FrameworkException.php on line 33.
 1 SYSTEMPATH\View\View.php(201): CodeIgniter\Exceptions\FrameworkException::forInvalidFile('layout/master.php')
 2 SYSTEMPATH\View\View.php(229): CodeIgniter\View\View->render('layout/master', [], true)
 3 SYSTEMPATH\Common.php(1135): CodeIgniter\View\View->render('jenisperawatan', [], true)
 4 APPPATH\Controllers\Jenisperawatan.php(31): view('jenisperawatan', [...])
 5 SYSTEMPATH\CodeIgniter.php(896): App\Controllers\Jenisperawatan->index()
 6 SYSTEMPATH\CodeIgniter.php(466): CodeIgniter\CodeIgniter->runController(Object(App\Controllers\Jenisperawatan))
 7 SYSTEMPATH\CodeIgniter.php(349): CodeIgniter\CodeIgniter->handleRequest(null, Object(Config\Cache), false)
 8 FCPATH\index.php(55): CodeIgniter\CodeIgniter->run()
 9 SYSTEMPATH\Commands\Server\rewrite.php(43): require_once('FCPATH\\index.php')
CRITICAL - 2022-06-18 21:01:02 --> Invalid file: layout/master.php
in SYSTEMPATH\Exceptions\FrameworkException.php on line 33.
 1 SYSTEMPATH\View\View.php(201): CodeIgniter\Exceptions\FrameworkException::forInvalidFile('layout/master.php')
 2 SYSTEMPATH\View\View.php(229): CodeIgniter\View\View->render('layout/master', [], true)
 3 SYSTEMPATH\Common.php(1135): CodeIgniter\View\View->render('jenisperawatan', [], true)
 4 APPPATH\Controllers\Jenisperawatan.php(31): view('jenisperawatan', [...])
 5 SYSTEMPATH\CodeIgniter.php(896): App\Controllers\Jenisperawatan->index()
 6 SYSTEMPATH\CodeIgniter.php(466): CodeIgniter\CodeIgniter->runController(Object(App\Controllers\Jenisperawatan))
 7 SYSTEMPATH\CodeIgniter.php(349): CodeIgniter\CodeIgniter->handleRequest(null, Object(Config\Cache), false)
 8 FCPATH\index.php(55): CodeIgniter\CodeIgniter->run()
 9 SYSTEMPATH\Commands\Server\rewrite.php(43): require_once('FCPATH\\index.php')
CRITICAL - 2022-06-18 21:04:40 --> Invalid file: layout/master.php
in SYSTEMPATH\Exceptions\FrameworkException.php on line 33.
 1 SYSTEMPATH\View\View.php(201): CodeIgniter\Exceptions\FrameworkException::forInvalidFile('layout/master.php')
 2 SYSTEMPATH\View\View.php(229): CodeIgniter\View\View->render('layout/master', [], true)
 3 SYSTEMPATH\Common.php(1135): CodeIgniter\View\View->render('jenisperawatan', [], true)
 4 APPPATH\Controllers\Jenisperawatan.php(31): view('jenisperawatan', [...])
 5 SYSTEMPATH\CodeIgniter.php(896): App\Controllers\Jenisperawatan->index()
 6 SYSTEMPATH\CodeIgniter.php(466): CodeIgniter\CodeIgniter->runController(Object(App\Controllers\Jenisperawatan))
 7 SYSTEMPATH\CodeIgniter.php(349): CodeIgniter\CodeIgniter->handleRequest(null, Object(Config\Cache), false)
 8 FCPATH\index.php(55): CodeIgniter\CodeIgniter->run()
 9 SYSTEMPATH\Commands\Server\rewrite.php(43): require_once('FCPATH\\index.php')
CRITICAL - 2022-06-18 21:04:42 --> Invalid file: layout/master.php
in SYSTEMPATH\Exceptions\FrameworkException.php on line 33.
 1 SYSTEMPATH\View\View.php(201): CodeIgniter\Exceptions\FrameworkException::forInvalidFile('layout/master.php')
 2 SYSTEMPATH\View\View.php(229): CodeIgniter\View\View->render('layout/master', [], true)
 3 SYSTEMPATH\Common.php(1135): CodeIgniter\View\View->render('jenisperawatan', [], true)
 4 APPPATH\Controllers\Jenisperawatan.php(31): view('jenisperawatan', [...])
 5 SYSTEMPATH\CodeIgniter.php(896): App\Controllers\Jenisperawatan->index()
 6 SYSTEMPATH\CodeIgniter.php(466): CodeIgniter\CodeIgniter->runController(Object(App\Controllers\Jenisperawatan))
 7 SYSTEMPATH\CodeIgniter.php(349): CodeIgniter\CodeIgniter->handleRequest(null, Object(Config\Cache), false)
 8 FCPATH\index.php(55): CodeIgniter\CodeIgniter->run()
 9 SYSTEMPATH\Commands\Server\rewrite.php(43): require_once('FCPATH\\index.php')
CRITICAL - 2022-06-18 21:04:51 --> Invalid file: layout/master.php
in SYSTEMPATH\Exceptions\FrameworkException.php on line 33.
 1 SYSTEMPATH\View\View.php(201): CodeIgniter\Exceptions\FrameworkException::forInvalidFile('layout/master.php')
 2 SYSTEMPATH\View\View.php(229): CodeIgniter\View\View->render('layout/master', [], true)
 3 SYSTEMPATH\Common.php(1135): CodeIgniter\View\View->render('jenisperawatan', [], true)
 4 APPPATH\Controllers\Jenisperawatan.php(31): view('jenisperawatan', [...])
 5 SYSTEMPATH\CodeIgniter.php(896): App\Controllers\Jenisperawatan->index()
 6 SYSTEMPATH\CodeIgniter.php(466): CodeIgniter\CodeIgniter->runController(Object(App\Controllers\Jenisperawatan))
 7 SYSTEMPATH\CodeIgniter.php(349): CodeIgniter\CodeIgniter->handleRequest(null, Object(Config\Cache), false)
 8 FCPATH\index.php(55): CodeIgniter\CodeIgniter->run()
 9 SYSTEMPATH\Commands\Server\rewrite.php(43): require_once('FCPATH\\index.php')
CRITICAL - 2022-06-18 21:07:56 --> Invalid file: layout/master.php
in SYSTEMPATH\Exceptions\FrameworkException.php on line 33.
 1 SYSTEMPATH\View\View.php(201): CodeIgniter\Exceptions\FrameworkException::forInvalidFile('layout/master.php')
 2 SYSTEMPATH\View\View.php(229): CodeIgniter\View\View->render('layout/master', [], true)
 3 SYSTEMPATH\Common.php(1135): CodeIgniter\View\View->render('jenisperawatan', [], true)
 4 APPPATH\Controllers\Jenisperawatan.php(31): view('jenisperawatan', [...])
 5 SYSTEMPATH\CodeIgniter.php(896): App\Controllers\Jenisperawatan->index()
 6 SYSTEMPATH\CodeIgniter.php(466): CodeIgniter\CodeIgniter->runController(Object(App\Controllers\Jenisperawatan))
 7 SYSTEMPATH\CodeIgniter.php(349): CodeIgniter\CodeIgniter->handleRequest(null, Object(Config\Cache), false)
 8 FCPATH\index.php(55): CodeIgniter\CodeIgniter->run()
 9 SYSTEMPATH\Commands\Server\rewrite.php(43): require_once('FCPATH\\index.php')
CRITICAL - 2022-06-18 21:30:17 --> Invalid file: partial/footer.php
in SYSTEMPATH\Exceptions\FrameworkException.php on line 33.
 1 SYSTEMPATH\View\View.php(201): CodeIgniter\Exceptions\FrameworkException::forInvalidFile('partial/footer.php')
 2 SYSTEMPATH\Common.php(1135): CodeIgniter\View\View->render('partial/footer', [], true)
 3 APPPATH\Controllers\Dashboard.php(12): view('partial/footer')
 4 SYSTEMPATH\CodeIgniter.php(896): App\Controllers\Dashboard->index()
 5 SYSTEMPATH\CodeIgniter.php(466): CodeIgniter\CodeIgniter->runController(Object(App\Controllers\Dashboard))
 6 SYSTEMPATH\CodeIgniter.php(349): CodeIgniter\CodeIgniter->handleRequest(null, Object(Config\Cache), false)
 7 FCPATH\index.php(55): CodeIgniter\CodeIgniter->run()
 8 SYSTEMPATH\Commands\Server\rewrite.php(43): require_once('FCPATH\\index.php')
CRITICAL - 2022-06-18 21:33:55 --> Undefined variable $controller
in APPPATH\Views\jenisperawatan.php on line 92.
 1 APPPATH\Views\jenisperawatan.php(92): CodeIgniter\Debug\Exceptions->errorHandler(2, 'Undefined variable $controller', 'APPPATH\\Views\\jenisperawatan.php', 92)
 2 SYSTEMPATH\View\View.php(213): include('APPPATH\\Views\\jenisperawatan.php')
 3 SYSTEMPATH\View\View.php(216): CodeIgniter\View\View->CodeIgniter\View\{closure}()
 4 SYSTEMPATH\Common.php(1135): CodeIgniter\View\View->render('jenisperawatan', [], true)
 5 APPPATH\Controllers\Jenisperawatan.php(29): view('jenisperawatan')
 6 SYSTEMPATH\CodeIgniter.php(896): App\Controllers\Jenisperawatan->index()
 7 SYSTEMPATH\CodeIgniter.php(466): CodeIgniter\CodeIgniter->runController(Object(App\Controllers\Jenisperawatan))
 8 SYSTEMPATH\CodeIgniter.php(349): CodeIgniter\CodeIgniter->handleRequest(null, Object(Config\Cache), false)
 9 FCPATH\index.php(55): CodeIgniter\CodeIgniter->run()
10 SYSTEMPATH\Commands\Server\rewrite.php(43): require_once('FCPATH\\index.php')
CRITICAL - 2022-06-18 21:37:11 --> Undefined variable $controller
in APPPATH\Views\jenisperawatan.php on line 92.
 1 APPPATH\Views\jenisperawatan.php(92): CodeIgniter\Debug\Exceptions->errorHandler(2, 'Undefined variable $controller', 'APPPATH\\Views\\jenisperawatan.php', 92)
 2 SYSTEMPATH\View\View.php(213): include('APPPATH\\Views\\jenisperawatan.php')
 3 SYSTEMPATH\View\View.php(216): CodeIgniter\View\View->CodeIgniter\View\{closure}()
 4 SYSTEMPATH\Common.php(1135): CodeIgniter\View\View->render('jenisperawatan', [], true)
 5 APPPATH\Controllers\Jenisperawatan.php(29): view('jenisperawatan')
 6 SYSTEMPATH\CodeIgniter.php(896): App\Controllers\Jenisperawatan->index()
 7 SYSTEMPATH\CodeIgniter.php(466): CodeIgniter\CodeIgniter->runController(Object(App\Controllers\Jenisperawatan))
 8 SYSTEMPATH\CodeIgniter.php(349): CodeIgniter\CodeIgniter->handleRequest(null, Object(Config\Cache), false)
 9 FCPATH\index.php(55): CodeIgniter\CodeIgniter->run()
10 SYSTEMPATH\Commands\Server\rewrite.php(43): require_once('FCPATH\\index.php')
CRITICAL - 2022-06-18 21:43:57 --> Undefined constant "controller"
in APPPATH\Views\jenisperawatan.php on line 92.
 1 SYSTEMPATH\View\View.php(213): include()
 2 SYSTEMPATH\View\View.php(216): CodeIgniter\View\View->CodeIgniter\View\{closure}()
 3 SYSTEMPATH\Common.php(1135): CodeIgniter\View\View->render('jenisperawatan', [], true)
 4 APPPATH\Controllers\Jenisperawatan.php(32): view('jenisperawatan', [...])
 5 SYSTEMPATH\CodeIgniter.php(896): App\Controllers\Jenisperawatan->index()
 6 SYSTEMPATH\CodeIgniter.php(466): CodeIgniter\CodeIgniter->runController(Object(App\Controllers\Jenisperawatan))
 7 SYSTEMPATH\CodeIgniter.php(349): CodeIgniter\CodeIgniter->handleRequest(null, Object(Config\Cache), false)
 8 FCPATH\index.php(55): CodeIgniter\CodeIgniter->run()
 9 SYSTEMPATH\Commands\Server\rewrite.php(43): require_once('FCPATH\\index.php')
CRITICAL - 2022-06-18 22:08:59 --> syntax error, unexpected identifier "sr"
in APPPATH\Controllers\Jenisperawatan.php on line 47.
 1 SYSTEMPATH\Autoloader\Autoloader.php(261): CodeIgniter\Autoloader\Autoloader->includeFile('APPPATH\\Controllers\\Jenisperawatan.php')
 2 SYSTEMPATH\Autoloader\Autoloader.php(239): CodeIgniter\Autoloader\Autoloader->loadInNamespace('App\\Controllers\\jenisperawatan')
 3 [internal function]: CodeIgniter\Autoloader\Autoloader->loadClass('App\\Controllers\\jenisperawatan')
 4 SYSTEMPATH\CodeIgniter.php(846): class_exists('\\App\\Controllers\\jenisperawatan', true)
 5 SYSTEMPATH\CodeIgniter.php(453): CodeIgniter\CodeIgniter->startController()
 6 SYSTEMPATH\CodeIgniter.php(349): CodeIgniter\CodeIgniter->handleRequest(null, Object(Config\Cache), false)
 7 FCPATH\index.php(55): CodeIgniter\CodeIgniter->run()
 8 SYSTEMPATH\Commands\Server\rewrite.php(43): require_once('FCPATH\\index.php')
CRITICAL - 2022-06-18 23:02:38 --> Invalid file: partial/header.php
in SYSTEMPATH\Exceptions\FrameworkException.php on line 33.
 1 SYSTEMPATH\View\View.php(201): CodeIgniter\Exceptions\FrameworkException::forInvalidFile('partial/header.php')
 2 SYSTEMPATH\Common.php(1135): CodeIgniter\View\View->render('partial/header', [], true)
 3 APPPATH\Controllers\Dashboard.php(8): view('partial/header', [...])
 4 SYSTEMPATH\CodeIgniter.php(896): App\Controllers\Dashboard->index()
 5 SYSTEMPATH\CodeIgniter.php(466): CodeIgniter\CodeIgniter->runController(Object(App\Controllers\Dashboard))
 6 SYSTEMPATH\CodeIgniter.php(349): CodeIgniter\CodeIgniter->handleRequest(null, Object(Config\Cache), false)
 7 FCPATH\index.php(55): CodeIgniter\CodeIgniter->run()
 8 SYSTEMPATH\Commands\Server\rewrite.php(43): require_once('FCPATH\\index.php')
CRITICAL - 2022-06-18 23:42:18 --> Invalid file: partial/header.php
in SYSTEMPATH\Exceptions\FrameworkException.php on line 33.
 1 SYSTEMPATH\View\View.php(201): CodeIgniter\Exceptions\FrameworkException::forInvalidFile('partial/header.php')
 2 SYSTEMPATH\Common.php(1135): CodeIgniter\View\View->render('partial/header', [], true)
 3 APPPATH\Controllers\Dashboard.php(8): view('partial/header', [...])
 4 SYSTEMPATH\CodeIgniter.php(896): App\Controllers\Dashboard->index()
 5 SYSTEMPATH\CodeIgniter.php(466): CodeIgniter\CodeIgniter->runController(Object(App\Controllers\Dashboard))
 6 SYSTEMPATH\CodeIgniter.php(349): CodeIgniter\CodeIgniter->handleRequest(null, Object(Config\Cache), false)
 7 FCPATH\index.php(55): CodeIgniter\CodeIgniter->run()
 8 SYSTEMPATH\Commands\Server\rewrite.php(43): require_once('FCPATH\\index.php')
